<?xml version="1.0" encoding="UTF-8"?>
<testng-results ignored="1" total="2" passed="1" failed="0" skipped="0">
  <reporter-output>
  </reporter-output>
  <suite started-at="2021-04-11T15:48:31Z" name="NegativeTests" finished-at="2021-04-11T15:49:07Z" duration-ms="35397">
    <groups>
      <group name="smokeTests">
        <method signature="NegativeTests.incorrectUsernameTest()[pri:1, instance:com.herokuapp.theinternet.NegativeTests@20d7d6fb]" name="incorrectUsernameTest" class="com.herokuapp.theinternet.NegativeTests"/>
      </group> <!-- smokeTests -->
      <group name="negativeTests">
        <method signature="NegativeTests.incorrectUsernameTest()[pri:1, instance:com.herokuapp.theinternet.NegativeTests@20d7d6fb]" name="incorrectUsernameTest" class="com.herokuapp.theinternet.NegativeTests"/>
      </group> <!-- negativeTests -->
    </groups>
    <test started-at="2021-04-11T15:48:31Z" name="NegativeTests" finished-at="2021-04-11T15:49:07Z" duration-ms="35397">
      <class name="com.herokuapp.theinternet.NegativeTests">
        <test-method signature="incorrectUsernameTest()[pri:1, instance:com.herokuapp.theinternet.NegativeTests@20d7d6fb]" started-at="2021-04-11T15:48:31Z" name="incorrectUsernameTest" finished-at="2021-04-11T15:49:07Z" duration-ms="35320" status="PASS">
          <reporter-output>
          </reporter-output>
        </test-method> <!-- incorrectUsernameTest -->
      </class> <!-- com.herokuapp.theinternet.NegativeTests -->
    </test> <!-- NegativeTests -->
  </suite> <!-- NegativeTests -->
</testng-results>
