<?xml version="1.0" encoding="UTF-8"?>
<testng-results ignored="0" total="1" passed="1" failed="0" skipped="0">
  <reporter-output>
  </reporter-output>
  <suite started-at="2021-04-11T17:02:53Z" name="AllTests" finished-at="2021-04-11T17:03:24Z" duration-ms="31195">
    <groups>
    </groups>
    <test started-at="2021-04-11T17:02:53Z" name="PostiveTests" finished-at="2021-04-11T17:03:24Z" duration-ms="31195">
      <class name="com.herokuapp.theinternet.PositiveTests">
        <test-method signature="loginTest()[pri:0, instance:com.herokuapp.theinternet.PositiveTests@6ea2bc93]" started-at="2021-04-11T17:02:53Z" name="loginTest" finished-at="2021-04-11T17:03:24Z" duration-ms="31059" status="PASS">
          <reporter-output>
          </reporter-output>
        </test-method> <!-- loginTest -->
      </class> <!-- com.herokuapp.theinternet.PositiveTests -->
    </test> <!-- PostiveTests -->
  </suite> <!-- AllTests -->
</testng-results>
