<?xml version="1.0" encoding="UTF-8"?>
<!-- Generated by org.testng.reporters.JUnitXMLReporter -->
<testsuite ignored="0" hostname="DESKTOP-OHVP7TO" failures="0" tests="2" name="Default test" time="53.575" errors="0" timestamp="11 Apr 2021 14:59:23 GMT">
  <testcase classname="com.herokuapp.theinternet.NegativeTests" name="incorrectPasswordTest" time="27.96"/>
  <testcase classname="com.herokuapp.theinternet.NegativeTests" name="incorrectUsernameTest" time="25.464"/>
</testsuite> <!-- Default test -->
