<?xml version="1.0" encoding="UTF-8"?>
<!-- Generated by org.testng.reporters.JUnitXMLReporter -->
<testsuite ignored="0" hostname="DESKTOP-OHVP7TO" failures="0" tests="2" name="NegativeTests" time="86.392" errors="0" timestamp="11 Apr 2021 15:18:13 GMT">
  <testcase classname="com.herokuapp.theinternet.NegativeTests" name="incorrectPasswordTest" time="27.903"/>
  <testcase classname="com.herokuapp.theinternet.NegativeTests" name="incorrectUsernameTest" time="58.478"/>
</testsuite> <!-- NegativeTests -->
