<?xml version="1.0" encoding="UTF-8"?>
<!-- Generated by org.testng.reporters.JUnitXMLReporter -->
<testsuite hostname="DESKTOP-OHVP7TO" ignored="0" name="NegativeTests" tests="2" failures="0" timestamp="11 Apr 2021 15:24:33 GMT" time="62.235" errors="0">
  <testcase name="incorrectPasswordTest" time="26.594" classname="com.herokuapp.theinternet.NegativeTests"/>
  <testcase name="incorrectUsernameTest" time="35.637" classname="com.herokuapp.theinternet.NegativeTests"/>
</testsuite> <!-- NegativeTests -->
